Arguments: 
  /Users/anna/.nvm/versions/node/v8.2.1/bin/node /usr/local/Cellar/yarn/1.5.1_1/libexec/bin/yarn.js start

PATH: 
  /usr/local/opt/openssl/bin:/Users/anna/.asdf/bin:/Users/anna/.asdf/shims:/Users/anna/.nvm/versions/node/v8.2.1/bin:/Users/anna/.rvm/gems/ruby-2.3.1/bin:/Users/anna/.rvm/gems/ruby-2.3.1@global/bin:/Users/anna/.rvm/rubies/ruby-2.3.1/bin:/usr/local/bin:/usr/bin:/bin:/usr/sbin:/sbin:/Users/anna/.rvm/bin:/usr/local/sbin:/Users/anna/.rvm/bin:/usr/local/opt/fzf/bin

Yarn version: 
  1.5.1

Node version: 
  8.2.1

Platform: 
  darwin x64

npm manifest: 
  {
    "name": "reveal.js",
    "version": "3.5.0",
    "description": "The HTML Presentation Framework",
    "homepage": "http://lab.hakim.se/reveal-js",
    "subdomain": "revealjs",
    "main": "js/reveal.js",
    "scripts": {
      "test": "grunt test",
      "start": "grunt serve",
      "build": "grunt"
    },
    "author": {
      "name": "Hakim El Hattab",
      "email": "hakim.elhattab@gmail.com",
      "web": "http://hakim.se"
    },
    "repository": {
      "type": "git",
      "url": "git://github.com/hakimel/reveal.js.git"
    },
    "engines": {
      "node": ">=4.0.0"
    },
    "devDependencies": {
      "express": "~4.14.0",
      "grunt": "~1.0.1",
      "grunt-autoprefixer": "~3.0.3",
      "grunt-cli": "~1.2.0",
      "grunt-contrib-connect": "~0.11.2",
      "grunt-contrib-cssmin": "~0.14.0",
      "grunt-contrib-jshint": "~0.11.3",
      "grunt-contrib-qunit": "~1.2.0",
      "grunt-contrib-uglify": "~0.9.2",
      "grunt-contrib-watch": "~1.0.0",
      "grunt-sass": "~1.2.0",
      "grunt-retire": "~0.3.10",
      "grunt-zip": "~0.17.1",
      "mustache": "~2.2.1",
      "node-sass": "~3.13.0",
      "socket.io": "^1.4.8"
    },
    "license": "MIT",
    "dependencies": {
      "highlightjs": "^9.10.0",
      "reveal-code-focus": "^1.0.0"
    }
  }

yarn manifest: 
  No manifest

Lockfile: 
  No lockfile

Trace: 
  Error: Command failed.
  Exit code: 1
  Command: sh
  Arguments: -c grunt serve
  Directory: /Users/anna/workspace/blockchain_projects/reveal.js
  Output:
  
      at ProcessTermError.MessageError (/usr/local/Cellar/yarn/1.5.1_1/libexec/lib/cli.js:186:110)
      at new ProcessTermError (/usr/local/Cellar/yarn/1.5.1_1/libexec/lib/cli.js:226:113)
      at ChildProcess.<anonymous> (/usr/local/Cellar/yarn/1.5.1_1/libexec/lib/cli.js:30281:17)
      at emitTwo (events.js:125:13)
      at ChildProcess.emit (events.js:213:7)
      at maybeClose (internal/child_process.js:921:16)
      at Process.ChildProcess._handle.onexit (internal/child_process.js:211:5)
